2025-10-28 12:37:03,212 - data_ingestion - ERROR - File not found: params.yaml
2025-10-28 12:37:03,212 - data_ingestion - ERROR - Failed to complete the data ingestion process: [Errno 2] No such file or directory: 'params.yaml'
2025-10-28 12:38:57,675 - data_ingestion - DEBUG - Data loaded from https://raw.githubusercontent.com/vikashishere/Datasets/main/spam.csv
2025-10-28 12:38:57,679 - data_ingestion - DEBUG - Data preprocessing completed
2025-10-28 12:38:57,695 - data_ingestion - DEBUG - Train and test data saved to ./data/raw
2025-10-28 12:46:22,176 - data_ingestion - DEBUG - Data loaded from https://raw.githubusercontent.com/vikashishere/Datasets/main/spam.csv
2025-10-28 12:46:22,181 - data_ingestion - DEBUG - Data preprocessing completed
2025-10-28 12:46:22,195 - data_ingestion - DEBUG - Train and test data saved to ./data/raw
2025-10-28 12:46:42,072 - data_ingestion - DEBUG - Data loaded from https://raw.githubusercontent.com/vikashishere/Datasets/main/spam.csv
2025-10-28 12:46:42,076 - data_ingestion - DEBUG - Data preprocessing completed
2025-10-28 12:46:42,089 - data_ingestion - DEBUG - Train and test data saved to ./data/raw
2025-10-29 11:14:28,096 - data_ingestion - DEBUG - Data loaded from https://raw.githubusercontent.com/vikashishere/Datasets/main/spam.csv
2025-10-29 11:14:28,101 - data_ingestion - DEBUG - Data preprocessing completed
2025-10-29 11:14:28,116 - data_ingestion - DEBUG - Train and test data saved to ./data/raw
2025-10-29 11:15:24,363 - data_ingestion - DEBUG - Data loaded from https://raw.githubusercontent.com/vikashishere/Datasets/main/spam.csv
2025-10-29 11:15:24,366 - data_ingestion - DEBUG - Data preprocessing completed
2025-10-29 11:15:24,381 - data_ingestion - DEBUG - Train and test data saved to ./data/raw
2025-10-29 11:31:14,796 - data_ingestion - DEBUG - Parameters retrieved from params.yaml
2025-10-29 11:31:15,591 - data_ingestion - DEBUG - Data loaded from https://raw.githubusercontent.com/vikashishere/Datasets/main/spam.csv
2025-10-29 11:31:15,598 - data_ingestion - DEBUG - Data preprocessing completed
2025-10-29 11:31:15,613 - data_ingestion - DEBUG - Train and test data saved to ./data/raw
2025-10-29 11:32:43,513 - data_ingestion - DEBUG - Parameters retrieved from params.yaml
2025-10-29 11:32:43,953 - data_ingestion - DEBUG - Data loaded from https://raw.githubusercontent.com/vikashishere/Datasets/main/spam.csv
2025-10-29 11:32:43,959 - data_ingestion - DEBUG - Data preprocessing completed
2025-10-29 11:32:43,974 - data_ingestion - DEBUG - Train and test data saved to ./data/raw
