2025-10-28 12:52:41,114 - data_preprocessing - DEBUG - Data loaded properly
2025-10-28 12:52:41,114 - data_preprocessing - DEBUG - Starting preprocessing for DataFrame
2025-10-28 12:52:41,116 - data_preprocessing - DEBUG - Target column encoded
2025-10-28 12:52:41,121 - data_preprocessing - DEBUG - Duplicates removed
2025-10-28 12:52:41,121 - data_preprocessing - ERROR - Error during text normalization: 


2025-10-28 12:55:38,037 - data_preprocessing - DEBUG - Data loaded properly
2025-10-28 12:55:38,037 - data_preprocessing - DEBUG - Starting preprocessing for DataFrame
2025-10-28 12:55:38,039 - data_preprocessing - DEBUG - Target column encoded
2025-10-28 12:55:38,044 - data_preprocessing - DEBUG - Duplicates removed
2025-10-28 12:55:40,944 - data_preprocessing - DEBUG - Text column transformed
2025-10-28 12:55:40,944 - data_preprocessing - DEBUG - Starting preprocessing for DataFrame
2025-10-28 12:55:40,944 - data_preprocessing - DEBUG - Target column encoded
2025-10-28 12:55:40,945 - data_preprocessing - DEBUG - Duplicates removed
2025-10-28 12:55:41,712 - data_preprocessing - DEBUG - Text column transformed
2025-10-28 12:55:41,719 - data_preprocessing - DEBUG - Processed data saved to ./data/interim
2025-10-29 11:15:25,754 - data_preprocessing - DEBUG - Data loaded properly
2025-10-29 11:15:25,754 - data_preprocessing - DEBUG - Starting preprocessing for DataFrame
2025-10-29 11:15:25,755 - data_preprocessing - DEBUG - Target column encoded
2025-10-29 11:15:25,763 - data_preprocessing - DEBUG - Duplicates removed
2025-10-29 11:15:28,689 - data_preprocessing - DEBUG - Text column transformed
2025-10-29 11:15:28,689 - data_preprocessing - DEBUG - Starting preprocessing for DataFrame
2025-10-29 11:15:28,689 - data_preprocessing - DEBUG - Target column encoded
2025-10-29 11:15:28,690 - data_preprocessing - DEBUG - Duplicates removed
2025-10-29 11:15:29,476 - data_preprocessing - DEBUG - Text column transformed
2025-10-29 11:15:29,481 - data_preprocessing - DEBUG - Processed data saved to ./data/interim
2025-10-29 11:15:42,075 - data_preprocessing - DEBUG - Data loaded properly
2025-10-29 11:15:42,076 - data_preprocessing - DEBUG - Starting preprocessing for DataFrame
2025-10-29 11:15:42,077 - data_preprocessing - DEBUG - Target column encoded
2025-10-29 11:15:42,080 - data_preprocessing - DEBUG - Duplicates removed
2025-10-29 11:15:45,005 - data_preprocessing - DEBUG - Text column transformed
2025-10-29 11:15:45,005 - data_preprocessing - DEBUG - Starting preprocessing for DataFrame
2025-10-29 11:15:45,005 - data_preprocessing - DEBUG - Target column encoded
2025-10-29 11:15:45,006 - data_preprocessing - DEBUG - Duplicates removed
2025-10-29 11:15:45,788 - data_preprocessing - DEBUG - Text column transformed
2025-10-29 11:15:45,793 - data_preprocessing - DEBUG - Processed data saved to ./data/interim
2025-10-29 11:32:45,367 - data_preprocessing - DEBUG - Data loaded properly
2025-10-29 11:32:45,368 - data_preprocessing - DEBUG - Starting preprocessing for DataFrame
2025-10-29 11:32:45,368 - data_preprocessing - DEBUG - Target column encoded
2025-10-29 11:32:45,373 - data_preprocessing - DEBUG - Duplicates removed
2025-10-29 11:32:48,139 - data_preprocessing - DEBUG - Text column transformed
2025-10-29 11:32:48,139 - data_preprocessing - DEBUG - Starting preprocessing for DataFrame
2025-10-29 11:32:48,139 - data_preprocessing - DEBUG - Target column encoded
2025-10-29 11:32:48,140 - data_preprocessing - DEBUG - Duplicates removed
2025-10-29 11:32:49,136 - data_preprocessing - DEBUG - Text column transformed
2025-10-29 11:32:49,142 - data_preprocessing - DEBUG - Processed data saved to ./data/interim
2025-10-30 13:51:41,625 - data_preprocessing - DEBUG - Data loaded properly
2025-10-30 13:51:41,625 - data_preprocessing - DEBUG - Starting preprocessing for DataFrame
2025-10-30 13:51:41,626 - data_preprocessing - DEBUG - Target column encoded
2025-10-30 13:51:41,629 - data_preprocessing - DEBUG - Duplicates removed
2025-10-30 13:51:45,201 - data_preprocessing - DEBUG - Text column transformed
2025-10-30 13:51:45,202 - data_preprocessing - DEBUG - Starting preprocessing for DataFrame
2025-10-30 13:51:45,202 - data_preprocessing - DEBUG - Target column encoded
2025-10-30 13:51:45,202 - data_preprocessing - DEBUG - Duplicates removed
2025-10-30 13:51:45,617 - data_preprocessing - DEBUG - Text column transformed
2025-10-30 13:51:45,622 - data_preprocessing - DEBUG - Processed data saved to ./data/interim
2025-10-30 13:55:11,284 - data_preprocessing - DEBUG - Data loaded properly
2025-10-30 13:55:11,284 - data_preprocessing - DEBUG - Starting preprocessing for DataFrame
2025-10-30 13:55:11,285 - data_preprocessing - DEBUG - Target column encoded
2025-10-30 13:55:11,287 - data_preprocessing - DEBUG - Duplicates removed
2025-10-30 13:55:13,849 - data_preprocessing - DEBUG - Text column transformed
2025-10-30 13:55:13,849 - data_preprocessing - DEBUG - Starting preprocessing for DataFrame
2025-10-30 13:55:13,850 - data_preprocessing - DEBUG - Target column encoded
2025-10-30 13:55:13,850 - data_preprocessing - DEBUG - Duplicates removed
2025-10-30 13:55:15,009 - data_preprocessing - DEBUG - Text column transformed
2025-10-30 13:55:15,014 - data_preprocessing - DEBUG - Processed data saved to ./data/interim
2025-10-30 13:55:50,620 - data_preprocessing - DEBUG - Data loaded properly
2025-10-30 13:55:50,620 - data_preprocessing - DEBUG - Starting preprocessing for DataFrame
2025-10-30 13:55:50,621 - data_preprocessing - DEBUG - Target column encoded
2025-10-30 13:55:50,625 - data_preprocessing - DEBUG - Duplicates removed
2025-10-30 13:55:52,854 - data_preprocessing - DEBUG - Text column transformed
2025-10-30 13:55:52,854 - data_preprocessing - DEBUG - Starting preprocessing for DataFrame
2025-10-30 13:55:52,854 - data_preprocessing - DEBUG - Target column encoded
2025-10-30 13:55:52,855 - data_preprocessing - DEBUG - Duplicates removed
2025-10-30 13:55:54,402 - data_preprocessing - DEBUG - Text column transformed
2025-10-30 13:55:54,409 - data_preprocessing - DEBUG - Processed data saved to ./data/interim
